<?xml version="1.0" encoding="UTF-8"?>
<!-- Generated by org.testng.reporters.JUnitReportReporter -->
<testsuite skipped="0" hostname="Intel-PC" name="scripts.TestInvalidLogin" tests="1" failures="0" timestamp="09 Dec 2017 08:27:03 GMT" time="29.336" errors="0">
  <testcase name="testInvalidLogin" time="29.336" classname="scripts.TestInvalidLogin"/>
</testsuite> <!-- scripts.TestInvalidLogin -->
